<?xml version="1.0" encoding="UTF-8"?>
<coverage generated="1547907972684" clover="3.2.0">
  <project timestamp="1547907972685" name="All files">
    <metrics statements="49" coveredstatements="46" conditionals="7" coveredconditionals="7" methods="0" coveredmethods="0" elements="56" coveredelements="53" complexity="0" loc="49" ncloc="49" packages="2" files="8" classes="8">
      <package name="custom">
        <metrics statements="18" coveredstatements="18" conditionals="0" coveredconditionals="0" methods="0" coveredmethods="0"/>
        <file name="constants.js" path="/home/andrelandgraf/workspaces/andrelandgraf/alexa-meets-mercedes/lambda/custom/constants.js">
          <metrics statements="10" coveredstatements="10" conditionals="0" coveredconditionals="0" methods="0" coveredmethods="0"/>
          <line num="2" count="1" type="stmt"/>
          <line num="3" count="1" type="stmt"/>
          <line num="4" count="1" type="stmt"/>
          <line num="5" count="1" type="stmt"/>
          <line num="6" count="1" type="stmt"/>
          <line num="7" count="1" type="stmt"/>
          <line num="8" count="1" type="stmt"/>
          <line num="10" count="1" type="stmt"/>
          <line num="14" count="1" type="stmt"/>
          <line num="22" count="1" type="stmt"/>
        </file>
        <file name="index.js" path="/home/andrelandgraf/workspaces/andrelandgraf/alexa-meets-mercedes/lambda/custom/index.js">
          <metrics statements="8" coveredstatements="8" conditionals="0" coveredconditionals="0" methods="0" coveredmethods="0"/>
          <line num="1" count="1" type="stmt"/>
          <line num="3" count="1" type="stmt"/>
          <line num="4" count="1" type="stmt"/>
          <line num="5" count="1" type="stmt"/>
          <line num="6" count="1" type="stmt"/>
          <line num="7" count="1" type="stmt"/>
          <line num="8" count="1" type="stmt"/>
          <line num="12" count="1" type="stmt"/>
        </file>
      </package>
      <package name="custom.intentHandlers">
        <metrics statements="31" coveredstatements="28" conditionals="7" coveredconditionals="7" methods="0" coveredmethods="0"/>
        <file name="cancelAndStop.js" path="/home/andrelandgraf/workspaces/andrelandgraf/alexa-meets-mercedes/lambda/custom/intentHandlers/cancelAndStop.js">
          <metrics statements="5" coveredstatements="5" conditionals="3" coveredconditionals="3" methods="0" coveredmethods="0"/>
          <line num="1" count="1" type="stmt"/>
          <line num="3" count="1" type="stmt"/>
          <line num="5" count="4" type="cond" truecount="3" falsecount="0"/>
          <line num="10" count="3" type="stmt"/>
          <line num="17" count="1" type="stmt"/>
        </file>
        <file name="error.js" path="/home/andrelandgraf/workspaces/andrelandgraf/alexa-meets-mercedes/lambda/custom/intentHandlers/error.js">
          <metrics statements="6" coveredstatements="3" conditionals="0" coveredconditionals="0" methods="0" coveredmethods="0"/>
          <line num="1" count="1" type="stmt"/>
          <line num="3" count="1" type="stmt"/>
          <line num="5" count="0" type="stmt"/>
          <line num="8" count="0" type="stmt"/>
          <line num="10" count="0" type="stmt"/>
          <line num="17" count="1" type="stmt"/>
        </file>
        <file name="help.js" path="/home/andrelandgraf/workspaces/andrelandgraf/alexa-meets-mercedes/lambda/custom/intentHandlers/help.js">
          <metrics statements="5" coveredstatements="5" conditionals="2" coveredconditionals="2" methods="0" coveredmethods="0"/>
          <line num="1" count="1" type="stmt"/>
          <line num="3" count="1" type="stmt"/>
          <line num="5" count="7" type="cond" truecount="2" falsecount="0"/>
          <line num="9" count="3" type="stmt"/>
          <line num="17" count="1" type="stmt"/>
        </file>
        <file name="launch.js" path="/home/andrelandgraf/workspaces/andrelandgraf/alexa-meets-mercedes/lambda/custom/intentHandlers/launch.js">
          <metrics statements="5" coveredstatements="5" conditionals="0" coveredconditionals="0" methods="0" coveredmethods="0"/>
          <line num="1" count="1" type="stmt"/>
          <line num="6" count="1" type="stmt"/>
          <line num="8" count="14" type="stmt"/>
          <line num="11" count="6" type="stmt"/>
          <line num="19" count="1" type="stmt"/>
        </file>
        <file name="lockVehicle.js" path="/home/andrelandgraf/workspaces/andrelandgraf/alexa-meets-mercedes/lambda/custom/intentHandlers/lockVehicle.js">
          <metrics statements="5" coveredstatements="5" conditionals="2" coveredconditionals="2" methods="0" coveredmethods="0"/>
          <line num="1" count="1" type="stmt"/>
          <line num="3" count="1" type="stmt"/>
          <line num="5" count="8" type="cond" truecount="2" falsecount="0"/>
          <line num="9" count="1" type="stmt"/>
          <line num="16" count="1" type="stmt"/>
        </file>
        <file name="sessionEnded.js" path="/home/andrelandgraf/workspaces/andrelandgraf/alexa-meets-mercedes/lambda/custom/intentHandlers/sessionEnded.js">
          <metrics statements="5" coveredstatements="5" conditionals="0" coveredconditionals="0" methods="0" coveredmethods="0"/>
          <line num="1" count="1" type="stmt"/>
          <line num="3" count="1" type="stmt"/>
          <line num="5" count="1" type="stmt"/>
          <line num="9" count="1" type="stmt"/>
          <line num="13" count="1" type="stmt"/>
        </file>
      </package>
    </metrics>
  </project>
</coverage>
