{"/home/andrelandgraf/workspaces/andrelandgraf/alexa-meets-mercedes/lambda/custom/constants.js": {"path":"/home/andrelandgraf/workspaces/andrelandgraf/alexa-meets-mercedes/lambda/custom/constants.js","statementMap":{"0":{"start":{"line":2,"column":23},"end":{"line":2,"column":38}},"1":{"start":{"line":3,"column":23},"end":{"line":3,"column":38}},"2":{"start":{"line":4,"column":22},"end":{"line":4,"column":43}},"3":{"start":{"line":5,"column":20},"end":{"line":5,"column":39}},"4":{"start":{"line":6,"column":20},"end":{"line":6,"column":39}},"5":{"start":{"line":7,"column":20},"end":{"line":7,"column":39}},"6":{"start":{"line":8,"column":30},"end":{"line":8,"column":51}},"7":{"start":{"line":10,"column":13},"end":{"line":12,"column":1}},"8":{"start":{"line":14,"column":21},"end":{"line":20,"column":1}},"9":{"start":{"line":22,"column":0},"end":{"line":32,"column":2}}},"fnMap":{},"branchMap":{},"s":{"0":1,"1":1,"2":1,"3":1,"4":1,"5":1,"6":1,"7":1,"8":1,"9":1},"f":{},"b":{},"_coverageSchema":"332fd63041d2c1bcb487cc26dd0d5f7d97098a6c","hash":"5103adc18d0d4f2cf8bca9ea4215f9801f37220e"}
,"/home/andrelandgraf/workspaces/andrelandgraf/alexa-meets-mercedes/lambda/custom/index.js": {"path":"/home/andrelandgraf/workspaces/andrelandgraf/alexa-meets-mercedes/lambda/custom/index.js","statementMap":{"0":{"start":{"line":1,"column":14},"end":{"line":1,"column":37}},"1":{"start":{"line":3,"column":14},"end":{"line":3,"column":47}},"2":{"start":{"line":4,"column":15},"end":{"line":4,"column":49}},"3":{"start":{"line":5,"column":21},"end":{"line":5,"column":62}},"4":{"start":{"line":6,"column":20},"end":{"line":6,"column":59}},"5":{"start":{"line":7,"column":21},"end":{"line":7,"column":61}},"6":{"start":{"line":8,"column":13},"end":{"line":8,"column":45}},"7":{"start":{"line":12,"column":0},"end":{"line":20,"column":14}}},"fnMap":{},"branchMap":{},"s":{"0":1,"1":1,"2":1,"3":1,"4":1,"5":1,"6":1,"7":1},"f":{},"b":{},"_coverageSchema":"332fd63041d2c1bcb487cc26dd0d5f7d97098a6c","hash":"59b2cd55ecd9d0508fe1f9f2cb190b4c0e18edfd"}
,"/home/andrelandgraf/workspaces/andrelandgraf/alexa-meets-mercedes/lambda/custom/intentHandlers/cancelAndStop.js": {"path":"/home/andrelandgraf/workspaces/andrelandgraf/alexa-meets-mercedes/lambda/custom/intentHandlers/cancelAndStop.js","statementMap":{"0":{"start":{"line":1,"column":18},"end":{"line":1,"column":41}},"1":{"start":{"line":3,"column":35},"end":{"line":15,"column":1}},"2":{"start":{"line":5,"column":8},"end":{"line":7,"column":92}},"3":{"start":{"line":10,"column":8},"end":{"line":13,"column":27}},"4":{"start":{"line":17,"column":0},"end":{"line":19,"column":2}}},"fnMap":{},"branchMap":{"0":{"loc":{"start":{"line":5,"column":15},"end":{"line":7,"column":91}},"type":"binary-expr","locations":[{"start":{"line":5,"column":15},"end":{"line":5,"column":86}},{"start":{"line":6,"column":13},"end":{"line":6,"column":90}},{"start":{"line":7,"column":16},"end":{"line":7,"column":90}}],"line":5}},"s":{"0":1,"1":1,"2":4,"3":3,"4":1},"f":{},"b":{"0":[4,3,2]},"_coverageSchema":"332fd63041d2c1bcb487cc26dd0d5f7d97098a6c","hash":"8bab04ddbb8c7e6155160a9506dad57292215f67"}
,"/home/andrelandgraf/workspaces/andrelandgraf/alexa-meets-mercedes/lambda/custom/intentHandlers/error.js": {"path":"/home/andrelandgraf/workspaces/andrelandgraf/alexa-meets-mercedes/lambda/custom/intentHandlers/error.js","statementMap":{"0":{"start":{"line":1,"column":18},"end":{"line":1,"column":41}},"1":{"start":{"line":3,"column":21},"end":{"line":15,"column":1}},"2":{"start":{"line":5,"column":8},"end":{"line":5,"column":20}},"3":{"start":{"line":8,"column":8},"end":{"line":8,"column":55}},"4":{"start":{"line":10,"column":8},"end":{"line":13,"column":27}},"5":{"start":{"line":17,"column":0},"end":{"line":19,"column":2}}},"fnMap":{},"branchMap":{},"s":{"0":1,"1":1,"2":0,"3":0,"4":0,"5":1},"f":{},"b":{},"_coverageSchema":"332fd63041d2c1bcb487cc26dd0d5f7d97098a6c","hash":"7f3136c0f61ec68e15a05d29163bb5685cc7e52e"}
,"/home/andrelandgraf/workspaces/andrelandgraf/alexa-meets-mercedes/lambda/custom/intentHandlers/help.js": {"path":"/home/andrelandgraf/workspaces/andrelandgraf/alexa-meets-mercedes/lambda/custom/intentHandlers/help.js","statementMap":{"0":{"start":{"line":1,"column":18},"end":{"line":1,"column":41}},"1":{"start":{"line":3,"column":26},"end":{"line":15,"column":1}},"2":{"start":{"line":5,"column":8},"end":{"line":6,"column":87}},"3":{"start":{"line":9,"column":8},"end":{"line":13,"column":27}},"4":{"start":{"line":17,"column":0},"end":{"line":19,"column":2}}},"fnMap":{},"branchMap":{"0":{"loc":{"start":{"line":5,"column":15},"end":{"line":6,"column":86}},"type":"binary-expr","locations":[{"start":{"line":5,"column":15},"end":{"line":5,"column":85}},{"start":{"line":6,"column":12},"end":{"line":6,"column":86}}],"line":5}},"s":{"0":1,"1":1,"2":7,"3":3,"4":1},"f":{},"b":{"0":[7,6]},"_coverageSchema":"332fd63041d2c1bcb487cc26dd0d5f7d97098a6c","hash":"21b77331b8499253edccde5d011d8b4f78f864ff"}
,"/home/andrelandgraf/workspaces/andrelandgraf/alexa-meets-mercedes/lambda/custom/intentHandlers/launch.js": {"path":"/home/andrelandgraf/workspaces/andrelandgraf/alexa-meets-mercedes/lambda/custom/intentHandlers/launch.js","statementMap":{"0":{"start":{"line":1,"column":18},"end":{"line":1,"column":41}},"1":{"start":{"line":6,"column":29},"end":{"line":17,"column":1}},"2":{"start":{"line":8,"column":8},"end":{"line":8,"column":86}},"3":{"start":{"line":11,"column":8},"end":{"line":15,"column":27}},"4":{"start":{"line":19,"column":0},"end":{"line":21,"column":2}}},"fnMap":{},"branchMap":{},"s":{"0":1,"1":1,"2":14,"3":6,"4":1},"f":{},"b":{},"_coverageSchema":"332fd63041d2c1bcb487cc26dd0d5f7d97098a6c","hash":"04f71d0597663b7fec101563234af667be86d206"}
,"/home/andrelandgraf/workspaces/andrelandgraf/alexa-meets-mercedes/lambda/custom/intentHandlers/lockVehicle.js": {"path":"/home/andrelandgraf/workspaces/andrelandgraf/alexa-meets-mercedes/lambda/custom/intentHandlers/lockVehicle.js","statementMap":{"0":{"start":{"line":1,"column":18},"end":{"line":1,"column":41}},"1":{"start":{"line":3,"column":33},"end":{"line":14,"column":1}},"2":{"start":{"line":5,"column":8},"end":{"line":6,"column":87}},"3":{"start":{"line":9,"column":8},"end":{"line":12,"column":27}},"4":{"start":{"line":16,"column":0},"end":{"line":18,"column":2}}},"fnMap":{},"branchMap":{"0":{"loc":{"start":{"line":5,"column":15},"end":{"line":6,"column":86}},"type":"binary-expr","locations":[{"start":{"line":5,"column":15},"end":{"line":5,"column":85}},{"start":{"line":6,"column":12},"end":{"line":6,"column":86}}],"line":5}},"s":{"0":1,"1":1,"2":8,"3":1,"4":1},"f":{},"b":{"0":[8,7]},"_coverageSchema":"332fd63041d2c1bcb487cc26dd0d5f7d97098a6c","hash":"3a755f7f12c6d568518d2aab7bf60465b68dfa85"}
,"/home/andrelandgraf/workspaces/andrelandgraf/alexa-meets-mercedes/lambda/custom/intentHandlers/sessionEnded.js": {"path":"/home/andrelandgraf/workspaces/andrelandgraf/alexa-meets-mercedes/lambda/custom/intentHandlers/sessionEnded.js","statementMap":{"0":{"start":{"line":1,"column":18},"end":{"line":1,"column":41}},"1":{"start":{"line":3,"column":35},"end":{"line":11,"column":1}},"2":{"start":{"line":5,"column":8},"end":{"line":5,"column":93}},"3":{"start":{"line":9,"column":8},"end":{"line":9,"column":58}},"4":{"start":{"line":13,"column":0},"end":{"line":15,"column":2}}},"fnMap":{},"branchMap":{},"s":{"0":1,"1":1,"2":1,"3":1,"4":1},"f":{},"b":{},"_coverageSchema":"332fd63041d2c1bcb487cc26dd0d5f7d97098a6c","hash":"ce24176e468ec53c17cbdf2055a15d324d821fea"}
}
