TN:
SF:/home/andrelandgraf/workspaces/andrelandgraf/alexa-meets-mercedes/lambda/custom/constants.js
FNF:0
FNH:0
DA:2,1
DA:3,1
DA:4,1
DA:5,1
DA:6,1
DA:7,1
DA:8,1
DA:10,1
DA:14,1
DA:22,1
LF:10
LH:10
BRF:0
BRH:0
end_of_record
TN:
SF:/home/andrelandgraf/workspaces/andrelandgraf/alexa-meets-mercedes/lambda/custom/index.js
FNF:0
FNH:0
DA:1,1
DA:3,1
DA:4,1
DA:5,1
DA:6,1
DA:7,1
DA:8,1
DA:12,1
LF:8
LH:8
BRF:0
BRH:0
end_of_record
TN:
SF:/home/andrelandgraf/workspaces/andrelandgraf/alexa-meets-mercedes/lambda/custom/intentHandlers/cancelAndStop.js
FNF:0
FNH:0
DA:1,1
DA:3,1
DA:5,4
DA:10,3
DA:17,1
LF:5
LH:5
BRDA:5,0,0,4
BRDA:5,0,1,3
BRDA:5,0,2,2
BRF:3
BRH:3
end_of_record
TN:
SF:/home/andrelandgraf/workspaces/andrelandgraf/alexa-meets-mercedes/lambda/custom/intentHandlers/error.js
FNF:0
FNH:0
DA:1,1
DA:3,1
DA:5,0
DA:8,0
DA:10,0
DA:17,1
LF:6
LH:3
BRF:0
BRH:0
end_of_record
TN:
SF:/home/andrelandgraf/workspaces/andrelandgraf/alexa-meets-mercedes/lambda/custom/intentHandlers/help.js
FNF:0
FNH:0
DA:1,1
DA:3,1
DA:5,7
DA:9,3
DA:17,1
LF:5
LH:5
BRDA:5,0,0,7
BRDA:5,0,1,6
BRF:2
BRH:2
end_of_record
TN:
SF:/home/andrelandgraf/workspaces/andrelandgraf/alexa-meets-mercedes/lambda/custom/intentHandlers/launch.js
FNF:0
FNH:0
DA:1,1
DA:6,1
DA:8,14
DA:11,6
DA:19,1
LF:5
LH:5
BRF:0
BRH:0
end_of_record
TN:
SF:/home/andrelandgraf/workspaces/andrelandgraf/alexa-meets-mercedes/lambda/custom/intentHandlers/lockVehicle.js
FNF:0
FNH:0
DA:1,1
DA:3,1
DA:5,8
DA:9,1
DA:16,1
LF:5
LH:5
BRDA:5,0,0,8
BRDA:5,0,1,7
BRF:2
BRH:2
end_of_record
TN:
SF:/home/andrelandgraf/workspaces/andrelandgraf/alexa-meets-mercedes/lambda/custom/intentHandlers/sessionEnded.js
FNF:0
FNH:0
DA:1,1
DA:3,1
DA:5,1
DA:9,1
DA:13,1
LF:5
LH:5
BRF:0
BRH:0
end_of_record
